--> Wrapper Started as Console
Launching a JVM...
Starting the Mule Container...
Wrapper (Version 3.2.3) http://wrapper.tanukisoftware.org
  Copyright 1999-2006 Tanuki Software, Inc.  All Rights Reserved.


**********************************************************************
*                                                                    *
*                         (((((((((((((((((((                        *
*                     (((((                 ((((#                    *
*                  &(((                        *(((                  *
*                &(((                             (((                *
*               (((     (((%               (((#     (((              *
*              ((     (((((((             (((((((    (((             *
*             ((     (((((((((           (((((((((     ((            *
*            ((    #(((((((((((        #(((((((((((    (((           *
*           #((    ((((((((((((((     ((((((((((((((    ((           *
*           ((    ((((((  /(((((((   (((((((  /((((((    ((          *
*           ((    ((((((    (((((((&(((((((    ((((((    ((          *
*           ((    (((((      ((((((((((((*     ((((((    ((          *
*           ((    ((((((      *(((((((((       ((((((    ((          *
*           ((    ((((((        (((((((        ((((((   (((          *
*            ((    ((((((                     ((((((    ((           *
*            ((#    ((((((#                 (((((((    ((            *
*             ((#    ((((((((             ((((((((    (((            *
*              (((    (((((((              (((((     ((.             *
*                ((      (((               (((     #((               *
*                 /((                            (((                 *
*                    (((                      &(((                   *
*                      *((((&             &((((                      *
*                           ((((((((((((((/                          *
*                                                                    *
*    ___  ___      _        ______            _   _                  *
*    |  \/  |     | |       | ___ \          | | (_)                 *
*    | .  . |_   _| | ___   | |_/ /   _ _ __ | |_ _ _ __ ___   ___   *
*    | |\/| | | | | |/ _ \  |    / | | | '_ \| __| | '_ ` _ \ / _ \  *
*    | |  | | |_| | |  __/  | |\ \ |_| | | | | |_| | | | | | |  __/  *
*    \_|  |_/\__,_|_|\___|  \_| \_\__,_|_| |_|\__|_|_| |_| |_|\___|  *
*                                                                    *
*                                                                    *
* Mule Runtime and Integration Platform                              *
* Version: 4.2.1 Build: a8fc602c                                     *
* MuleSoft, Inc.                                                     *
* For more information go to https://developer.mulesoft.com/         *
*                                                                    *
* Server started: 10/4/19 11:20 AM                                   *
* JDK: 1.8.0_111 (mixed mode)                                        *
* JDK properties:                                                    *
*  - java.vendor = Oracle Corporation                                *
*  - java.vm.name = OpenJDK 64-Bit Server VM                         *
*  - java.home = /usr/lib/jvm/java-8-openjdk-amd64/jre               *
* OS: Linux (4.9.184-linuxkit, amd64)                                *
* Host: a3f4c6e9333a (172.17.0.2)                                    *
* Mule services:                                                     *
*  - mule-service-scheduler-1.2.3                                    *
*  - mule-service-soap-1.2.0                                         *
*  - mule-service-http-1.4.3                                         *
*  - mule-service-weave-2.2.1                                        *
*  - mule-service-oauth-1.3.0                                        *
* Mule system properties:                                            *
*  - mule.base = /opt/mule                                           *
*  - mule.home = /opt/mule-standalone-4.2.1                          *
**********************************************************************

**********************************************************************
* Started domain 'default'                                           *
**********************************************************************

++++++++++++++++++++++++++++++++++++++++++++++++++++++++++++++++++++++++++++++++
+ New app 'hello-world'                                                        +
++++++++++++++++++++++++++++++++++++++++++++++++++++++++++++++++++++++++++++++++

++++++++++++++++++++++++++++++++++++++++++++++++++++++++++++++++++++++++++++++++
+ Initializing app 'hello-world'                                               +
++++++++++++++++++++++++++++++++++++++++++++++++++++++++++++++++++++++++++++++++

**********************************************************************
* Started DefaultSchedulerService                                    *
*                                                                    *
* Resolved configuration values:                                     *
*                                                                    *
* gracefulShutdownTimeout:       15000 ms                            *
* cpuLight.threadPool.size:      4                                   *
* cpuLight.workQueue.size:       0                                   *
* io.threadPool.maxSize:         150                                 *
* io.threadPool.threadKeepAlive: 30000 ms                            *
* cpuIntensive.threadPool.size:  4                                   *
* cpuIntensive.workQueue.size:   4                                   *
*                                                                    *
* These can be modified by editing 'conf/scheduler-pools.conf'       *
**********************************************************************

++++++++++++++++++++++++++++++++++++++++++++++++++++++++++++++++++++++++++++++++
+ Starting app 'hello-world'                                                   +
++++++++++++++++++++++++++++++++++++++++++++++++++++++++++++++++++++++++++++++++

**********************************************************************
* Started app 'hello-world'                                          *
* Application plugins:                                               *
*  - Sockets : 1.1.5                                                 *
*  - HTTP : 1.5.6                                                    *
**********************************************************************

++++++++++++++++++++++++++++++++++++++++++++++++++++++++++++++++++++++++++++++++
+ Mule is up and kicking (every 5000ms)                                        +
++++++++++++++++++++++++++++++++++++++++++++++++++++++++++++++++++++++++++++++++

**********************************************************************
*              - - + DOMAIN + - -               * - - + STATUS + - - *
**********************************************************************
* default                                       * DEPLOYED           *
**********************************************************************

*******************************************************************************************************
*            - - + APPLICATION + - -            *       - - + DOMAIN + - -       * - - + STATUS + - - *
*******************************************************************************************************
* hello-world                                   * default                        * DEPLOYED           *
*******************************************************************************************************

